<?xml version="1.0" encoding="UTF-8"?>
<!-- Generated by org.testng.reporters.JUnitReportReporter -->
<testsuite hostname="Chitralekha" failures="0" tests="1" name="com.orangehrm.test.AddUser" time="0.003" errors="0" timestamp="2025-09-09T12:20:54 IST" skipped="0">
  <testcase classname="com.orangehrm.test.AddUser" name="f" time="0.003"/>
</testsuite> <!-- com.orangehrm.test.AddUser -->
