<?xml version="1.0" encoding="UTF-8"?>
<!-- Generated by org.testng.reporters.JUnitReportReporter -->
<testsuite hostname="Chitralekha" failures="0" tests="5" name="com.orangehrm.test.OrangeHRMTestCases" time="102.408" errors="0" timestamp="2025-09-09T15:21:45 IST" skipped="0">
  <testcase classname="com.orangehrm.test.OrangeHRMTestCases" name="verifyloginTestcase1" time="13.116"/>
  <testcase classname="com.orangehrm.test.OrangeHRMTestCases" name="AddingEmployeeTestCase2" time="34.891"/>
  <testcase classname="com.orangehrm.test.OrangeHRMTestCases" name="searchEmployeeQuickTest" time="17.086"/>
  <testcase classname="com.orangehrm.test.OrangeHRMTestCases" name="searchEmployeeLeaveList" time="18.568"/>
  <testcase classname="com.orangehrm.test.OrangeHRMTestCases" name="searchProject" time="18.747"/>
</testsuite> <!-- com.orangehrm.test.OrangeHRMTestCases -->
